{"numTotalTestSuites":2,"numPassedTestSuites":2,"numFailedTestSuites":0,"numPendingTestSuites":0,"numTotalTests":4,"numPassedTests":4,"numFailedTests":0,"numPendingTests":0,"numTodoTests":0,"snapshot":{"added":0,"failure":false,"filesAdded":0,"filesRemoved":0,"filesRemovedList":[],"filesUnmatched":0,"filesUpdated":0,"matched":0,"total":0,"unchecked":0,"uncheckedKeysByFile":[],"unmatched":0,"updated":0,"didUpdate":false},"startTime":1760152308152,"success":true,"testResults":[{"assertionResults":[{"ancestorTitles":["createTextResult"],"fullName":"createTextResult should create a CallToolResult with correct structure","status":"passed","title":"should create a CallToolResult with correct structure","duration":2.758199999999988,"failureMessages":[],"meta":{}},{"ancestorTitles":["createTextResult"],"fullName":"createTextResult should handle mock data correctly","status":"passed","title":"should handle mock data correctly","duration":0.3183999999998832,"failureMessages":[],"meta":{}},{"ancestorTitles":["createTextResult"],"fullName":"createTextResult should handle null data","status":"passed","title":"should handle null data","duration":0.15429999999992106,"failureMessages":[],"meta":{}},{"ancestorTitles":["createTextResult"],"fullName":"createTextResult should handle undefined data gracefully by converting to null","status":"passed","title":"should handle undefined data gracefully by converting to null","duration":0.20219999999994798,"failureMessages":[],"meta":{}}],"startTime":1760152309677,"endTime":1760152309680.3184,"status":"passed","message":"","name":"D:/Projects/my-first-mcp-server/src/lib/utils.test.ts"}]}